0 info it worked if it ends with ok
1 verbose cli [ 'C:\\Program Files\\nodejs\\node.exe',
1 verbose cli   'C:\\Users\\Kestas\\AppData\\Roaming\\npm\\node_modules\\npm\\bin\\npm-cli.js',
1 verbose cli   'run',
1 verbose cli   'server' ]
2 info using npm@3.10.8
3 info using node@v6.7.0
4 verbose run-script [ 'preserver', 'server', 'postserver' ]
5 info lifecycle smartadmin@0.3.2~preserver: smartadmin@0.3.2
6 silly lifecycle smartadmin@0.3.2~preserver: no script for preserver, continuing
7 info lifecycle smartadmin@0.3.2~server: smartadmin@0.3.2
8 verbose lifecycle smartadmin@0.3.2~server: unsafe-perm in lifecycle true
9 verbose lifecycle smartadmin@0.3.2~server: PATH: C:\Users\Kestas\AppData\Roaming\npm\node_modules\npm\bin\node-gyp-bin;C:\Workspace\feedbackAdmin\node_modules\.bin;C:\Python27\;C:\Python27\Scripts;C:\WINDOWS\system32;C:\WINDOWS;C:\WINDOWS\System32\Wbem;C:\WINDOWS\System32\WindowsPowerShell\v1.0\;C:\Program Files (x86)\Skype\Phone\;C:\Program Files (x86)\NVIDIA Corporation\PhysX\Common;C:\Program Files\nodejs\;C:\Program Files\Git\cmd;C:\Program Files\MySQL\MySQL Utilities 1.6\;C:\HashiCorp\Vagrant\bin;C:\Program Files\PuTTY\;C:\Users\Kestas\AppData\Local\.meteor\;C:\Users\Kestas\AppData\Local\Microsoft\WindowsApps;C:\Users\Kestas\AppData\Roaming\npm;C:\Program Files\Git\cmd
10 verbose lifecycle smartadmin@0.3.2~server: CWD: C:\Workspace\feedbackAdmin
11 silly lifecycle smartadmin@0.3.2~server: Args: [ '/d /s /c', 'npm run server:dev' ]
12 silly lifecycle smartadmin@0.3.2~server: Returned: code: 1  signal: null
13 info lifecycle smartadmin@0.3.2~server: Failed to exec server script
14 verbose stack Error: smartadmin@0.3.2 server: `npm run server:dev`
14 verbose stack Exit status 1
14 verbose stack     at EventEmitter.<anonymous> (C:\Users\Kestas\AppData\Roaming\npm\node_modules\npm\lib\utils\lifecycle.js:255:16)
14 verbose stack     at emitTwo (events.js:106:13)
14 verbose stack     at EventEmitter.emit (events.js:191:7)
14 verbose stack     at ChildProcess.<anonymous> (C:\Users\Kestas\AppData\Roaming\npm\node_modules\npm\lib\utils\spawn.js:40:14)
14 verbose stack     at emitTwo (events.js:106:13)
14 verbose stack     at ChildProcess.emit (events.js:191:7)
14 verbose stack     at maybeClose (internal/child_process.js:877:16)
14 verbose stack     at Process.ChildProcess._handle.onexit (internal/child_process.js:226:5)
15 verbose pkgid smartadmin@0.3.2
16 verbose cwd C:\Workspace\feedbackAdmin
17 error Windows_NT 10.0.14393
18 error argv "C:\\Program Files\\nodejs\\node.exe" "C:\\Users\\Kestas\\AppData\\Roaming\\npm\\node_modules\\npm\\bin\\npm-cli.js" "run" "server"
19 error node v6.7.0
20 error npm  v3.10.8
21 error code ELIFECYCLE
22 error smartadmin@0.3.2 server: `npm run server:dev`
22 error Exit status 1
23 error Failed at the smartadmin@0.3.2 server script 'npm run server:dev'.
23 error Make sure you have the latest version of node.js and npm installed.
23 error If you do, this is most likely a problem with the smartadmin package,
23 error not with npm itself.
23 error Tell the author that this fails on your system:
23 error     npm run server:dev
23 error You can get information on how to open an issue for this project with:
23 error     npm bugs smartadmin
23 error Or if that isn't available, you can get their info via:
23 error     npm owner ls smartadmin
23 error There is likely additional logging output above.
24 verbose exit [ 1, true ]
